<?xml version="1.0" encoding="UTF-8" ?>
<testsuite tests="62" failures="0" name="org.jfree.data.RangeTest" time="0.017" errors="0" skipped="0">
  <properties>
[...]
</properties>
  <testcase classname="org.jfree.data.RangeTest" name="testShiftPositiveDeltaAllow" time="0.001"/>
  <testcase classname="org.jfree.data.RangeTest" name="testCombineIgnoringNaNRange1UpperAndRange2LowerIsNaN" time="0"/>
  <testcase classname="org.jfree.data.RangeTest" name="testIntersectsFalseFirstBranch" time="0"/>
  <testcase classname="org.jfree.data.RangeTest" name="testContainsUpperBoundary" time="0.001"/>
  <testcase classname="org.jfree.data.RangeTest" name="testExpandToIncludeAbove" time="0"/>
  <testcase classname="org.jfree.data.RangeTest" name="testExpandToIncludeBelow" time="0"/>
  <testcase classname="org.jfree.data.RangeTest" name="testRangeLowerGreaterThanUpper" time="0.001"/>
  <testcase classname="org.jfree.data.RangeTest" name="testScaleNormal" time="0"/>
  <testcase classname="org.jfree.data.RangeTest" name="testCombineSecondNull" time="0"/>
  <testcase classname="org.jfree.data.RangeTest" name="testIsNaNRangeLowerIsNaN" time="0"/>
  <testcase classname="org.jfree.data.RangeTest" name="testShiftZeroDelta" time="0"/>
  <testcase classname="org.jfree.data.RangeTest" name="testShiftMaxValueAllowZeroCross" time="0"/>
  <testcase classname="org.jfree.data.RangeTest" name="testContainsAboveUpper" time="0"/>
  <testcase classname="org.jfree.data.RangeTest" name="testCombineIgnoringNaNNormal" time="0"/>
  <testcase classname="org.jfree.data.RangeTest" name="testCombineDisjoint" time="0"/>
  <testcase classname="org.jfree.data.RangeTest" name="testCombineIgnoringNaNBothNaN" time="0.001"/>
  <testcase classname="org.jfree.data.RangeTest" name="testExpandToIncludeNullRange" time="0"/>
  <testcase classname="org.jfree.data.RangeTest" name="testGetLowerBoundInvalidState" time="0.001"/>
  <testcase classname="org.jfree.data.RangeTest" name="testIntersectsTrueFirstBranch" time="0"/>
  <testcase classname="org.jfree.data.RangeTest" name="testCombineIgnoringNaNRange2IsNullRange1IsNaN" time="0"/>
  <testcase classname="org.jfree.data.RangeTest" name="testContainsValueInside" time="0"/>
  <testcase classname="org.jfree.data.RangeTest" name="testIntersectsSecondBranchFalse" time="0"/>
  <testcase classname="org.jfree.data.RangeTest" name="testEqualsDifferentUpper" time="0"/>
  <testcase classname="org.jfree.data.RangeTest" name="testShiftNullBase" time="0"/>
  <testcase classname="org.jfree.data.RangeTest" name="testContainsBelowLower" time="0"/>
  <testcase classname="org.jfree.data.RangeTest" name="testToStringNegativeRange" time="0"/>
  <testcase classname="org.jfree.data.RangeTest" name="testExpandToIncludeInside" time="0"/>
  <testcase classname="org.jfree.data.RangeTest" name="testEqualsTrue" time="0"/>
  <testcase classname="org.jfree.data.RangeTest" name="testIntersectsSecondBranchTrue" time="0"/>
  <testcase classname="org.jfree.data.RangeTest" name="testToStringNormalRange" time="0.001"/>
  <testcase classname="org.jfree.data.RangeTest" name="testGetLengthZeroLength" time="0"/>
  <testcase classname="org.jfree.data.RangeTest" name="testExpandNormal" time="0"/>
  <testcase classname="org.jfree.data.RangeTest" name="testIsNaNRangeTrue" time="0"/>
  <testcase classname="org.jfree.data.RangeTest" name="testIsNaNRangeUpperIsNaN" time="0"/>
  <testcase classname="org.jfree.data.RangeTest" name="testShiftWithoutZeroCrossingDefault" time="0"/>
  <testcase classname="org.jfree.data.RangeTest" name="testConstrainInsideRange" time="0"/>
  <testcase classname="org.jfree.data.RangeTest" name="testCombineIgnoringNaNRange1IsNull" time="0"/>
  <testcase classname="org.jfree.data.RangeTest" name="testExpandLowerGreaterThanUpperBranch" time="0"/>
  <testcase classname="org.jfree.data.RangeTest" name="testConstrainAboveRange" time="0"/>
  <testcase classname="org.jfree.data.RangeTest" name="testCombineIgnoringNaNRange1IsNullRange2IsNaN" time="0"/>
  <testcase classname="org.jfree.data.RangeTest" name="testEqualsFalseDifferentRange" time="0"/>
  <testcase classname="org.jfree.data.RangeTest" name="testCombineBothNull" time="0"/>
  <testcase classname="org.jfree.data.RangeTest" name="testHashCode" time="0"/>
  <testcase classname="org.jfree.data.RangeTest" name="testConstrainBelowRange" time="0"/>
  <testcase classname="org.jfree.data.RangeTest" name="testToStringZeroLength" time="0"/>
  <testcase classname="org.jfree.data.RangeTest" name="testContainsLowerBoundary" time="0"/>
  <testcase classname="org.jfree.data.RangeTest" name="testIntersectsRangeObject" time="0.001"/>
  <testcase classname="org.jfree.data.RangeTest" name="testGetUpperBoundInvalidState" time="0"/>
  <testcase classname="org.jfree.data.RangeTest" name="testCombineIgnoringNaNRange2IsNull" time="0"/>
  <testcase classname="org.jfree.data.RangeTest" name="testCombineContained" time="0"/>
  <testcase classname="org.jfree.data.RangeTest" name="testGetLengthNegativeBounds" time="0"/>
  <testcase classname="org.jfree.data.RangeTest" name="testGetLengthInvalidState" time="0"/>
  <testcase classname="org.jfree.data.RangeTest" name="testScaleNegativeFactor" time="0"/>
  <testcase classname="org.jfree.data.RangeTest" name="testGetLengthPositiveRange" time="0"/>
  <testcase classname="org.jfree.data.RangeTest" name="testShiftNegativeAllowZeroCross" time="0"/>
  <testcase classname="org.jfree.data.RangeTest" name="testShiftWithoutZeroCrossingZeroBounds" time="0"/>
  <testcase classname="org.jfree.data.RangeTest" name="testCombineFirstNull" time="0"/>
  <testcase classname="org.jfree.data.RangeTest" name="testShiftNegativeDeltaAllow" time="0"/>
  <testcase classname="org.jfree.data.RangeTest" name="testEqualsNonRangeObject" time="0"/>
  <testcase classname="org.jfree.data.RangeTest" name="testCombineIgnoringNaNRange2UpperAndRange1LowerIsNaN" time="0"/>
  <testcase classname="org.jfree.data.RangeTest" name="testgetCentralValue" time="0.001"/>
  <testcase classname="org.jfree.data.RangeTest" name="testCombineOverlapping" time="0"/>
</testsuite>