<?xml version="1.0" encoding="UTF-8" ?>
<testsuite tests="4" failures="0" name="org.jfree.chart.BarChartTest" time="0.003" errors="0" skipped="0">
  <properties>
[...]
</properties>
  <testcase classname="org.jfree.chart.BarChartTest" name="testDrawWithNullInfo" time="0.002"/>
  <testcase classname="org.jfree.chart.BarChartTest" name="testSetSeriesToolTipGenerator" time="0"/>
  <testcase classname="org.jfree.chart.BarChartTest" name="testSetSeriesURLGenerator" time="0"/>
  <testcase classname="org.jfree.chart.BarChartTest" name="testReplaceDataset" time="0.001"/>
</testsuite>