<?xml version="1.0" encoding="UTF-8" ?>
<testsuite tests="37" failures="0" name="org.jfree.data.xy.XYSeriesTest" time="0.012" errors="0" skipped="0">
  <properties>
[...]
</properties>
  <testcase classname="org.jfree.data.xy.XYSeriesTest" name="testGetMaxY2" time="0"/>
  <testcase classname="org.jfree.data.xy.XYSeriesTest" name="testToArray" time="0.001"/>
  <testcase classname="org.jfree.data.xy.XYSeriesTest" name="testSerialization" time="0"/>
  <testcase classname="org.jfree.data.xy.XYSeriesTest" name="testAdd" time="0.001"/>
  <testcase classname="org.jfree.data.xy.XYSeriesTest" name="testSetMaximumItemCount2" time="0"/>
  <testcase classname="org.jfree.data.xy.XYSeriesTest" name="testSetMaximumItemCount3" time="0"/>
  <testcase classname="org.jfree.data.xy.XYSeriesTest" name="testSetMaximumItemCount4" time="0"/>
  <testcase classname="org.jfree.data.xy.XYSeriesTest" name="testClear" time="0"/>
  <testcase classname="org.jfree.data.xy.XYSeriesTest" name="testAddOrUpdate" time="0.001"/>
  <testcase classname="org.jfree.data.xy.XYSeriesTest" name="testUpdate2" time="0"/>
  <testcase classname="org.jfree.data.xy.XYSeriesTest" name="testToArrayExample" time="0"/>
  <testcase classname="org.jfree.data.xy.XYSeriesTest" name="testGetMaxX" time="0.002"/>
  <testcase classname="org.jfree.data.xy.XYSeriesTest" name="testGetMaxY" time="0"/>
  <testcase classname="org.jfree.data.xy.XYSeriesTest" name="testGetMinX" time="0"/>
  <testcase classname="org.jfree.data.xy.XYSeriesTest" name="testGetMinY" time="0"/>
  <testcase classname="org.jfree.data.xy.XYSeriesTest" name="testSetMaximumItemCount" time="0"/>
  <testcase classname="org.jfree.data.xy.XYSeriesTest" name="testAddOrUpdate2" time="0.001"/>
  <testcase classname="org.jfree.data.xy.XYSeriesTest" name="testAddOrUpdate3" time="0"/>
  <testcase classname="org.jfree.data.xy.XYSeriesTest" name="testCloning" time="0"/>
  <testcase classname="org.jfree.data.xy.XYSeriesTest" name="testAdditionOfDuplicateXValues" time="0"/>
  <testcase classname="org.jfree.data.xy.XYSeriesTest" name="testRemove2" time="0"/>
  <testcase classname="org.jfree.data.xy.XYSeriesTest" name="testUpdateByIndex" time="0.001"/>
  <testcase classname="org.jfree.data.xy.XYSeriesTest" name="testUpdateByIndex2" time="0"/>
  <testcase classname="org.jfree.data.xy.XYSeriesTest" name="testUpdateByIndex3" time="0"/>
  <testcase classname="org.jfree.data.xy.XYSeriesTest" name="testIndexOf2" time="0"/>
  <testcase classname="org.jfree.data.xy.XYSeriesTest" name="testIndexOf3" time="0"/>
  <testcase classname="org.jfree.data.xy.XYSeriesTest" name="testHashCode" time="0"/>
  <testcase classname="org.jfree.data.xy.XYSeriesTest" name="testDelete" time="0.001"/>
  <testcase classname="org.jfree.data.xy.XYSeriesTest" name="testEquals" time="0"/>
  <testcase classname="org.jfree.data.xy.XYSeriesTest" name="testIndexOf" time="0"/>
  <testcase classname="org.jfree.data.xy.XYSeriesTest" name="testRemove" time="0"/>
  <testcase classname="org.jfree.data.xy.XYSeriesTest" name="testSetKey" time="0"/>
  <testcase classname="org.jfree.data.xy.XYSeriesTest" name="testUpdate" time="0"/>
  <testcase classname="org.jfree.data.xy.XYSeriesTest" name="testCloning2" time="0.003"/>
  <testcase classname="org.jfree.data.xy.XYSeriesTest" name="testCloning3" time="0"/>
  <testcase classname="org.jfree.data.xy.XYSeriesTest" name="testBug1955483" time="0"/>
  <testcase classname="org.jfree.data.xy.XYSeriesTest" name="testUpdateXY" time="0"/>
</testsuite>