<?xml version="1.0" encoding="UTF-8" ?>
<testsuite tests="37" failures="0" name="org.jfree.chart.plot.CategoryPlotTest" time="0.084" errors="0" skipped="0">
  <properties>
[...]
</properties>
  <testcase classname="org.jfree.chart.plot.CategoryPlotTest" name="testAxisRange" time="0"/>
  <testcase classname="org.jfree.chart.plot.CategoryPlotTest" name="testGetRangeAxisForDataset" time="0"/>
  <testcase classname="org.jfree.chart.plot.CategoryPlotTest" name="testRangeMarkerIndices" time="0"/>
  <testcase classname="org.jfree.chart.plot.CategoryPlotTest" name="testDomainMarkerIndices" time="0"/>
  <testcase classname="org.jfree.chart.plot.CategoryPlotTest" name="testEquals_ObjectList" time="0"/>
  <testcase classname="org.jfree.chart.plot.CategoryPlotTest" name="testBug2817504" time="0.004"/>
  <testcase classname="org.jfree.chart.plot.CategoryPlotTest" name="testAddRangeMarker" time="0.001"/>
  <testcase classname="org.jfree.chart.plot.CategoryPlotTest" name="testSerialization" time="0.014"/>
  <testcase classname="org.jfree.chart.plot.CategoryPlotTest" name="testRendererIndices" time="0.001"/>
  <testcase classname="org.jfree.chart.plot.CategoryPlotTest" name="testRemoveRangeMarker" time="0"/>
  <testcase classname="org.jfree.chart.plot.CategoryPlotTest" name="testGetRangeAxisIndex" time="0.001"/>
  <testcase classname="org.jfree.chart.plot.CategoryPlotTest" name="testRemoveDomainMarker" time="0"/>
  <testcase classname="org.jfree.chart.plot.CategoryPlotTest" name="testGetDomainAxisIndex" time="0.001"/>
  <testcase classname="org.jfree.chart.plot.CategoryPlotTest" name="testGetRendererForDataset2" time="0.001"/>
  <testcase classname="org.jfree.chart.plot.CategoryPlotTest" name="testGetDomainAxisForDataset" time="0"/>
  <testcase classname="org.jfree.chart.plot.CategoryPlotTest" name="test1169972" time="0.001"/>
  <testcase classname="org.jfree.chart.plot.CategoryPlotTest" name="test1654215" time="0.006"/>
  <testcase classname="org.jfree.chart.plot.CategoryPlotTest" name="testAddDomainMarker" time="0"/>
  <testcase classname="org.jfree.chart.plot.CategoryPlotTest" name="testAxisIndices" time="0"/>
  <testcase classname="org.jfree.chart.plot.CategoryPlotTest" name="testCloning" time="0.003"/>
  <testcase classname="org.jfree.chart.plot.CategoryPlotTest" name="testSetRenderer" time="0"/>
  <testcase classname="org.jfree.chart.plot.CategoryPlotTest" name="testEquals_ObjectList2" time="0"/>
  <testcase classname="org.jfree.chart.plot.CategoryPlotTest" name="testEquals_ObjectList3" time="0"/>
  <testcase classname="org.jfree.chart.plot.CategoryPlotTest" name="testEquals_ObjectList4" time="0"/>
  <testcase classname="org.jfree.chart.plot.CategoryPlotTest" name="testEquals_ObjectList5" time="0"/>
  <testcase classname="org.jfree.chart.plot.CategoryPlotTest" name="testAxisLocationIndices" time="0"/>
  <testcase classname="org.jfree.chart.plot.CategoryPlotTest" name="testMapDatasetToRangeAxis" time="0.001"/>
  <testcase classname="org.jfree.chart.plot.CategoryPlotTest" name="testEquals" time="0.002"/>
  <testcase classname="org.jfree.chart.plot.CategoryPlotTest" name="testMapDatasetToDomainAxis" time="0.002"/>
  <testcase classname="org.jfree.chart.plot.CategoryPlotTest" name="testDatasetIndices" time="0"/>
  <testcase classname="org.jfree.chart.plot.CategoryPlotTest" name="testSerialization2" time="0.002"/>
  <testcase classname="org.jfree.chart.plot.CategoryPlotTest" name="testSerialization3" time="0.008"/>
  <testcase classname="org.jfree.chart.plot.CategoryPlotTest" name="testSerialization4" time="0.021"/>
  <testcase classname="org.jfree.chart.plot.CategoryPlotTest" name="testSerialization5" time="0.008"/>
  <testcase classname="org.jfree.chart.plot.CategoryPlotTest" name="testCloning2" time="0"/>
  <testcase classname="org.jfree.chart.plot.CategoryPlotTest" name="testCloning3" time="0.001"/>
  <testcase classname="org.jfree.chart.plot.CategoryPlotTest" name="testConstructor" time="0"/>
</testsuite>